<?xml version="1.0" encoding="UTF-8"?>
<testsuite xmlns:xsi="http://www.w3.org/2001/XMLSchema-instance" xsi:noNamespaceSchemaLocation="https://maven.apache.org/surefire/maven-surefire-plugin/xsd/surefire-test-report.xsd" name="testRunners.CalculateBillingAmountTest" time="0.75" tests="3" errors="0" skipped="0" failures="0">
  <properties>
[...]
</properties>
  <testcase name="Billing Amount #1" classname="Calculate Billing Amount" time="0.047"/>
  <testcase name="Billing Amount #2" classname="Calculate Billing Amount" time="0.009"/>
  <testcase name="Billing Amount #3" classname="Calculate Billing Amount" time="0.003"/>
</testsuite>